Step: step-credential-initializer-69zbm:

{"level":"warn","ts":1565722358.4393015,"logger":"fallback-logger","caller":"logging/config.go:69","msg":"Fetch GitHub commit ID from kodata failed: \"ref: refs/heads/master\" is not a valid GitHub commit ID"}
{"level":"info","ts":1565722358.4398105,"logger":"fallback-logger","caller":"creds-init/main.go:40","msg":"Credentials initialized."}
Step: step-working-dir-initializer-xrsjh:

{"level":"warn","ts":1565722359.1307373,"logger":"fallback-logger","caller":"logging/config.go:69","msg":"Fetch GitHub commit ID from kodata failed: open /var/run/ko/HEAD: no such file or directory"}
{"level":"info","ts":1565722359.1354444,"logger":"fallback-logger","caller":"bash/main.go:65","msg":"Successfully executed command \"mkdir -p /workspace/source /workspace/source/charts/jx-pr\""}
Step: step-place-tools:

Step: step-git-source-*******-jx-pr-master-release-4nxzv:

{"level":"warn","ts":1565722365.2051187,"logger":"fallback-logger","caller":"logging/config.go:69","msg":"Fetch GitHub commit ID from kodata failed: \"ref: refs/heads/master\" is not a valid GitHub commit ID"}
{"level":"info","ts":1565722365.4767604,"logger":"fallback-logger","caller":"git/git.go:102","msg":"Successfully cloned https://github.com/*******/jx-pr.git @ v0.0.2 in path /workspace/source"}
Step: step-git-merge:

WARNING: no SHAs to merge, falling back to initial cloned commit
Step: step-setup-jx-git-credentials:

Generated Git credentials file /workspace/xdg_config/git/credentials
Step: step-build-make-build:

CGO_ENABLED=0 GO15VENDOREXPERIMENT=1 go build -ldflags '' -o bin/jx-pr main.go
Step: step-build-container-build:

[36mINFO[0m[0000] No base image, nothing to extract            
[36mINFO[0m[0000] cmd: EXPOSE                                  
[36mINFO[0m[0000] Adding exposed port: 8080/tcp                
[36mINFO[0m[0000] Using files from context: [/workspace/source/bin] 
[36mINFO[0m[0000] Skipping unpacking as no commands require it. 
[36mINFO[0m[0000] Taking snapshot of full filesystem...        
[36mINFO[0m[0000] EXPOSE 8080                                  
[36mINFO[0m[0000] cmd: EXPOSE                                  
[36mINFO[0m[0000] Adding exposed port: 8080/tcp                
[36mINFO[0m[0000] No files changed in this command, skipping snapshotting. 
[36mINFO[0m[0000] ENTRYPOINT ["/jx-pr"]                        
[36mINFO[0m[0000] No files changed in this command, skipping snapshotting. 
[36mINFO[0m[0000] Using files from context: [/workspace/source/bin] 
[36mINFO[0m[0000] COPY ./bin/ /                                
[36mINFO[0m[0000] Taking snapshot of files...                  
2019/08/13 18:52:56 pushed blob: sha256:22daab7df78105c2cfe11836539e762a4935081ff1aa066ede9591e93d940767
2019/08/13 18:52:56 pushed blob: sha256:29994a**81a68a3721126257e42ced8a894c0a6af8d735498e5315df97d2d0af
2019/08/13 18:52:57 gcr.io/devops-26/jx-pr:0.0.2: digest: sha256:2e9707dba24**83a99db45bd3e217e34e1306deee3546e26f51fd6f2892e6506 size: 428
Step: step-build-post-build:

no CVE provider running in the current ** namespace so skip adding image to be analysed
Step: step-promote-changelog:

Converted /workspace/source/charts/jx-pr to an unshallow repository
Generating change log from git ref f9436fa545408c16c8a76c59b14c9f90bc3afb22 => ee8731418f912e41fdb9525f0b466caeb80c686e
Associating user x-0 in users.jenkins.io with email *******@farcic.com to git GitProvider user with login -0 as emails match
Adding label jenkins.io/git-github-userid=-0 to user x-0 in users.jenkins.io
WARNING: Failed to enrich commit faea7bd1d40dc05f76ad13ff6f89c8fb16be4b88 with issues: User.jenkins.io "x-0" is invalid: metadata.labels: Invalid value: "-0": a valid label must be an empty string or consist of alphanumeric characters, '-', '_' or '.', and must start and end with an alphanumeric character (e.g. 'MyValue',  or 'my_value',  or '12345', regex used for validation is '(([A-Za-z0-9][-A-Za-z0-9_.]*)?[A-Za-z0-9])?')
Associating user x-0 in users.jenkins.io with email *******@farcic.com to git GitProvider user with login -0 as emails match
Adding label jenkins.io/git-github-userid=-0 to user x-0 in users.jenkins.io
WARNING: Failed to enrich commit faea7bd1d40dc05f76ad13ff6f89c8fb16be4b88 with issues: User.jenkins.io "x-0" is invalid: metadata.labels: Invalid value: "-0": a valid label must be an empty string or consist of alphanumeric characters, '-', '_' or '.', and must start and end with an alphanumeric character (e.g. 'MyValue',  or 'my_value',  or '12345', regex used for validation is '(([A-Za-z0-9][-A-Za-z0-9_.]*)?[A-Za-z0-9])?')
Finding issues in commit messages using git format
Associating user x-0 in users.jenkins.io with email *******@farcic.com to git GitProvider user with login -0 as emails match
Adding label jenkins.io/git-github-userid=-0 to user x-0 in users.jenkins.io
WARNING: Failed to enrich commit 523f28973d18c5078f33945e312a7a6ae1e6def3 with issues: User.jenkins.io "x-0" is invalid: metadata.labels: Invalid value: "-0": a valid label must be an empty string or consist of alphanumeric characters, '-', '_' or '.', and must start and end with an alphanumeric character (e.g. 'MyValue',  or 'my_value',  or '12345', regex used for validation is '(([A-Za-z0-9][-A-Za-z0-9_.]*)?[A-Za-z0-9])?')
Associating user x-0 in users.jenkins.io with email *******@farcic.com to git GitProvider user with login -0 as emails match
Adding label jenkins.io/git-github-userid=-0 to user x-0 in users.jenkins.io
WARNING: Failed to enrich commit 523f28973d18c5078f33945e312a7a6ae1e6def3 with issues: User.jenkins.io "x-0" is invalid: metadata.labels: Invalid value: "-0": a valid label must be an empty string or consist of alphanumeric characters, '-', '_' or '.', and must start and end with an alphanumeric character (e.g. 'MyValue',  or 'my_value',  or '12345', regex used for validation is '(([A-Za-z0-9][-A-Za-z0-9_.]*)?[A-Za-z0-9])?')
WARNING: No release found for *******/jx-pr and tag v0.0.2 so creating a new release
Updated the release information at https://github.com/*******/jx-pr/releases/tag/v0.0.2
generated: /workspace/source/charts/jx-pr/templates/release.yaml
Created Release jx-pr-0-0-2 resource in namespace **
Updating PipelineActivity *******-jx-pr-master-2 with version 0.0.2
Updated PipelineActivities *******-jx-pr-master-2 with release notes URL: https://github.com/*******/jx-pr/releases/tag/v0.0.2
Step: step-promote-helm-release:

WARNING: No $CHART_REPOSITORY defined so using the default value of: http://jenkins-x-chartmuseum:8080
Adding missing Helm repo: storage.googleapis.com https://storage.googleapis.com/chartmuseum.jenkins-x.io
Successfully added Helm repository storage.googleapis.com.
Adding missing Helm repo: jenkins-x-chartmuseum http://jenkins-x-chartmuseum:8080
Successfully added Helm repository jenkins-x-chartmuseum.
WARNING: No $CHART_REPOSITORY defined so using the default value of: http://jenkins-x-chartmuseum:8080
Uploading chart file jx-pr-0.0.2.tgz to http://jenkins-x-chartmuseum:8080/api/charts
Received 201 response: {"saved":true}
Step: step-promote-jx-promote:

WARNING: prow based install so skip waiting for the merge of Pull Requests to go green as currently there is an issue with gettingstatuses from the PR, see https://github.com/jenkins-x/jx/issues/2410
Promoting app jx-pr version 0.0.2 to namespace **-staging
Created Pull Request: https://github.com/*******/environment-tekton-staging/pull/6
Added label  to Pull Request https://github.com/*******/environment-tekton-staging/pull/6
Pull Request https://github.com/*******/environment-tekton-staging/pull/6 is merged at sha debb9dbc4fb2968d3f08a21c6001**dc2175f**2
Pull Request merged but we are not waiting for the update pipeline to complete!
